c:\users\death\source\repos\guitestapp\tictactoeproject\x64\debug\qrc_tictactoeproject.obj
c:\users\death\source\repos\guitestapp\tictactoeproject\x64\debug\moc_rules.obj
c:\users\death\source\repos\guitestapp\tictactoeproject\x64\debug\main.obj
c:\users\death\source\repos\guitestapp\tictactoeproject\x64\debug\rules.obj
c:\users\death\source\repos\guitestapp\tictactoeproject\x64\debug\tictactoeproject.obj
c:\users\death\source\repos\guitestapp\tictactoeproject\x64\debug\moc_addnames.obj
c:\users\death\source\repos\guitestapp\tictactoeproject\x64\debug\iconchoice.obj
c:\users\death\source\repos\guitestapp\tictactoeproject\x64\debug\moc_tictactoeproject.obj
c:\users\death\source\repos\guitestapp\tictactoeproject\x64\debug\addnames.obj
c:\users\death\source\repos\guitestapp\tictactoeproject\x64\debug\moc_iconchoice.obj
c:\users\death\source\repos\guitestapp\tictactoeproject\x64\debug\vc142.pdb
c:\users\death\source\repos\guitestapp\tictactoeproject\x64\debug\winscreen.obj
c:\users\death\source\repos\guitestapp\tictactoeproject\x64\debug\moc_winscreen.obj
c:\users\death\source\repos\guitestapp\tictactoeproject\x64\debug\drawscreen.obj
c:\users\death\source\repos\guitestapp\tictactoeproject\x64\debug\moc_drawscreen.obj
c:\users\death\source\repos\guitestapp\x64\debug\tictactoeproject.exe
c:\users\death\source\repos\guitestapp\x64\debug\tictactoeproject.ilk
c:\users\death\source\repos\guitestapp\x64\debug\tictactoeproject.pdb
c:\users\death\source\repos\guitestapp\tictactoeproject\x64\debug\\moc\moc_tictactoeproject.cpp
c:\users\death\source\repos\guitestapp\tictactoeproject\x64\debug\\moc\moc_addnames.cpp
c:\users\death\source\repos\guitestapp\tictactoeproject\x64\debug\\moc\moc_rules.cpp
c:\users\death\source\repos\guitestapp\tictactoeproject\x64\debug\\moc\moc_iconchoice.cpp
c:\users\death\source\repos\guitestapp\tictactoeproject\x64\debug\\moc\moc_winscreen.cpp
c:\users\death\source\repos\guitestapp\tictactoeproject\x64\debug\\moc\moc_drawscreen.cpp
c:\users\death\source\repos\guitestapp\tictactoeproject\x64\debug\\rcc\qrc_tictactoeproject.cpp
c:\users\death\source\repos\guitestapp\tictactoeproject\x64\debug\uic\ui_addnames.h
c:\users\death\source\repos\guitestapp\tictactoeproject\x64\debug\uic\ui_iconchoice.h
c:\users\death\source\repos\guitestapp\tictactoeproject\x64\debug\uic\ui_rules.h
c:\users\death\source\repos\guitestapp\tictactoeproject\x64\debug\uic\ui_tictactoeproject.h
c:\users\death\source\repos\guitestapp\tictactoeproject\x64\debug\rcc\qrc_tictactoeproject.cpp
c:\users\death\source\repos\guitestapp\tictactoeproject\x64\debug\moc\moc_tictactoeproject.cpp
c:\users\death\source\repos\guitestapp\tictactoeproject\x64\debug\moc\moc_addnames.cpp
c:\users\death\source\repos\guitestapp\tictactoeproject\x64\debug\moc\moc_rules.cpp
c:\users\death\source\repos\guitestapp\tictactoeproject\x64\debug\moc\moc_iconchoice.cpp
c:\users\death\source\repos\guitestapp\tictactoeproject\x64\debug\uic\ui_winscreen.h
c:\users\death\source\repos\guitestapp\tictactoeproject\x64\debug\moc\moc_winscreen.cpp
c:\users\death\source\repos\guitestapp\tictactoeproject\x64\debug\uic\ui_drawscreen.h
c:\users\death\source\repos\guitestapp\tictactoeproject\x64\debug\moc\moc_qtguiclass.cpp
c:\users\death\source\repos\guitestapp\tictactoeproject\x64\debug\moc\moc_drawscreen.cpp
c:\users\death\source\repos\guitestapp\tictactoeproject\x64\debug\\uic\ui_addnames.h
c:\users\death\source\repos\guitestapp\tictactoeproject\x64\debug\\uic\ui_drawscreen.h
c:\users\death\source\repos\guitestapp\tictactoeproject\x64\debug\\uic\ui_iconchoice.h
c:\users\death\source\repos\guitestapp\tictactoeproject\x64\debug\\uic\ui_rules.h
c:\users\death\source\repos\guitestapp\tictactoeproject\x64\debug\\uic\ui_tictactoeproject.h
c:\users\death\source\repos\guitestapp\tictactoeproject\x64\debug\\uic\ui_winscreen.h
c:\users\death\source\repos\guitestapp\tictactoeproject\x64\debug\tictactoeproject.tlog\cl.command.1.tlog
c:\users\death\source\repos\guitestapp\tictactoeproject\x64\debug\tictactoeproject.tlog\cl.read.1.tlog
c:\users\death\source\repos\guitestapp\tictactoeproject\x64\debug\tictactoeproject.tlog\cl.write.1.tlog
c:\users\death\source\repos\guitestapp\tictactoeproject\x64\debug\tictactoeproject.tlog\link.11320.delete.1.tlog
c:\users\death\source\repos\guitestapp\tictactoeproject\x64\debug\tictactoeproject.tlog\link.11984.delete.1.tlog
c:\users\death\source\repos\guitestapp\tictactoeproject\x64\debug\tictactoeproject.tlog\link.12316.delete.1.tlog
c:\users\death\source\repos\guitestapp\tictactoeproject\x64\debug\tictactoeproject.tlog\link.14088.delete.1.tlog
c:\users\death\source\repos\guitestapp\tictactoeproject\x64\debug\tictactoeproject.tlog\link.14228.delete.1.tlog
c:\users\death\source\repos\guitestapp\tictactoeproject\x64\debug\tictactoeproject.tlog\link.14740.delete.1.tlog
c:\users\death\source\repos\guitestapp\tictactoeproject\x64\debug\tictactoeproject.tlog\link.15608.delete.1.tlog
c:\users\death\source\repos\guitestapp\tictactoeproject\x64\debug\tictactoeproject.tlog\link.17056.delete.1.tlog
c:\users\death\source\repos\guitestapp\tictactoeproject\x64\debug\tictactoeproject.tlog\link.18384.delete.1.tlog
c:\users\death\source\repos\guitestapp\tictactoeproject\x64\debug\tictactoeproject.tlog\link.6660.delete.1.tlog
c:\users\death\source\repos\guitestapp\tictactoeproject\x64\debug\tictactoeproject.tlog\link.6664.delete.1.tlog
c:\users\death\source\repos\guitestapp\tictactoeproject\x64\debug\tictactoeproject.tlog\link.command.1.tlog
c:\users\death\source\repos\guitestapp\tictactoeproject\x64\debug\tictactoeproject.tlog\link.delete.1.tlog
c:\users\death\source\repos\guitestapp\tictactoeproject\x64\debug\tictactoeproject.tlog\link.read.1.tlog
c:\users\death\source\repos\guitestapp\tictactoeproject\x64\debug\tictactoeproject.tlog\link.write.1.tlog
c:\users\death\source\repos\guitestapp\tictactoeproject\x64\debug\tictactoeproject.tlog\moc.read.1u.tlog
c:\users\death\source\repos\guitestapp\tictactoeproject\x64\debug\tictactoeproject.tlog\moc.write.1u.tlog
c:\users\death\source\repos\guitestapp\tictactoeproject\x64\debug\tictactoeproject.tlog\rcc.read.1u.tlog
c:\users\death\source\repos\guitestapp\tictactoeproject\x64\debug\tictactoeproject.tlog\rcc.write.1u.tlog
c:\users\death\source\repos\guitestapp\tictactoeproject\x64\debug\tictactoeproject.tlog\tictactoeproject.write.1u.tlog
c:\users\death\source\repos\guitestapp\tictactoeproject\x64\debug\tictactoeproject.tlog\uic.read.1u.tlog
c:\users\death\source\repos\guitestapp\tictactoeproject\x64\debug\tictactoeproject.tlog\uic.write.1u.tlog
